<?xml version="1.0" encoding="UTF-8"?>
<!-- Generated by org.testng.reporters.JUnitReportReporter -->
<testsuite hostname="vasu-PC" name="com.vasu.testng.MultipleTestCases" tests="3" failures="0" timestamp="4 Oct 2018 16:13:06 GMT" time="0.007" errors="0">
  <testcase name="appLaunch" time="0.003" classname="com.vasu.testng.MultipleTestCases"/>
  <testcase name="appClose" time="0.001" classname="com.vasu.testng.MultipleTestCases"/>
  <testcase name="appLogin" time="0.003" classname="com.vasu.testng.MultipleTestCases"/>
</testsuite> <!-- com.vasu.testng.MultipleTestCases -->
