<?xml version="1.0" encoding="UTF-8"?>
<!-- Generated by org.testng.reporters.JUnitReportReporter -->
<testsuite hostname="vasu-PC" name="com.vasu.testng.EmpList" tests="1" failures="0" timestamp="4 Oct 2018 16:31:29 GMT" time="17.735" errors="0">
  <testcase name="empList" time="17.735" classname="com.vasu.testng.EmpList"/>
</testsuite> <!-- com.vasu.testng.EmpList -->
