<?xml version="1.0" encoding="UTF-8"?>
<!-- Generated by org.testng.reporters.JUnitReportReporter -->
<testsuite hostname="vasu-PC" name="com.vasu.testng.Annotations" tests="2" failures="0" timestamp="4 Oct 2018 16:13:06 GMT" time="0.002" errors="0">
  <testcase name="method1" time="0.001" classname="com.vasu.testng.Annotations"/>
  <testcase name="method" time="0.001" classname="com.vasu.testng.Annotations"/>
</testsuite> <!-- com.vasu.testng.Annotations -->
