<?xml version="1.0" encoding="UTF-8"?>
<!-- Generated by org.testng.reporters.JUnitReportReporter -->
<testsuite hostname="vasu-PC" name="com.vasu.testng.FirsttestNgTest" tests="1" failures="0" timestamp="4 Oct 2018 16:13:06 GMT" time="0.003" errors="0">
  <testcase name="firstMethod" time="0.003" classname="com.vasu.testng.FirsttestNgTest"/>
</testsuite> <!-- com.vasu.testng.FirsttestNgTest -->
