<?xml version="1.0" encoding="UTF-8"?>
<!-- Generated by org.testng.reporters.JUnitReportReporter -->
<testsuite hostname="vasu-PC" name="com.vasu.testng.ValidtionTest" tests="1" failures="0" timestamp="4 Oct 2018 16:41:39 GMT" time="15.667" errors="0">
  <testcase name="validation" time="15.667" classname="com.vasu.testng.ValidtionTest"/>
</testsuite> <!-- com.vasu.testng.ValidtionTest -->
