<?xml version="1.0" encoding="UTF-8"?>
<!-- Generated by org.testng.reporters.JUnitReportReporter -->
<testsuite hostname="vasu-PC" name="com.vasu.testng.BeforeAndAfterTest" tests="1" failures="0" timestamp="4 Oct 2018 16:13:06 GMT" time="4.488" errors="0">
  <testcase name="appLogin" time="4.488" classname="com.vasu.testng.BeforeAndAfterTest"/>
</testsuite> <!-- com.vasu.testng.BeforeAndAfterTest -->
