<?xml version="1.0" encoding="UTF-8"?>
<!-- Generated by org.testng.reporters.JUnitReportReporter -->
<testsuite hostname="vasu-PC" name="com.vasu.testng.AddEmpTest" tests="1" failures="0" timestamp="4 Oct 2018 16:31:29 GMT" time="8.656" errors="0">
  <testcase name="emp" time="8.656" classname="com.vasu.testng.AddEmpTest"/>
</testsuite> <!-- com.vasu.testng.AddEmpTest -->
